app/build/intermediates/manifest_merge_blame_file/debug/manifest-merger-blame-debug-report.txt
1<?xml version="1.0" encoding="utf-8"?>
2<manifest xmlns:android="http://schemas.android.com/apk/res/android"
3    package="com.mediconnect"
4    android:largeHeap="true"
5    android:versionCode="1"
6    android:versionName="1.0" >
7
8    <uses-sdk
9        android:minSdkVersion="16"
9-->src\main\AndroidManifest.xml
10        android:targetSdkVersion="30" />
10-->src\main\AndroidManifest.xml
11
12    <uses-permission android:name="android.permission.ACCESS_FINE_LOCATION" />
12-->src\main\AndroidManifest.xml:6:5-78
12-->src\main\AndroidManifest.xml:6:22-76
13    <uses-permission android:name="android.permission.INTERNET" />
13-->src\main\AndroidManifest.xml:7:5-66
13-->src\main\AndroidManifest.xml:7:22-64
14    <uses-permission android:name="android.permission.ACCESS_COARSE_LOCATION" />
14-->src\main\AndroidManifest.xml:8:5-80
14-->src\main\AndroidManifest.xml:8:22-78
15
16    <!-- Include required permissions for Google Maps API to run. -->
17    <uses-permission android:name="android.permission.ACCESS_NETWORK_STATE" />
17-->[com.google.android.gms:play-services-maps:17.0.0] AndroidManifest.xml:23:5-79
17-->[com.google.android.gms:play-services-maps:17.0.0] AndroidManifest.xml:23:22-76
18
19    <uses-feature
19-->[com.google.android.gms:play-services-maps:17.0.0] AndroidManifest.xml:26:5-28:35
20        android:glEsVersion="0x00020000"
20-->[com.google.android.gms:play-services-maps:17.0.0] AndroidManifest.xml:27:9-41
21        android:required="true" />
21-->[com.google.android.gms:play-services-maps:17.0.0] AndroidManifest.xml:28:9-32
22
23    <application
23-->src\main\AndroidManifest.xml:9:1-58:15
24        android:allowBackup="true"
24-->src\main\AndroidManifest.xml:10:9-35
25        android:appComponentFactory="androidx.core.app.CoreComponentFactory"
25-->[androidx.core:core:1.3.1] AndroidManifest.xml:24:18-86
26        android:debuggable="true"
27        android:icon="@mipmap/logo"
27-->src\main\AndroidManifest.xml:11:9-36
28        android:label="@string/app_name"
28-->src\main\AndroidManifest.xml:12:9-41
29        android:roundIcon="@mipmap/logo"
29-->src\main\AndroidManifest.xml:13:9-41
30        android:supportsRtl="true"
30-->src\main\AndroidManifest.xml:14:9-35
31        android:testOnly="true"
32        android:theme="@style/Theme.MediConnect" >
32-->src\main\AndroidManifest.xml:15:9-49
33        <meta-data
33-->src\main\AndroidManifest.xml:16:5-17:66
34            android:name="com.google.android.geo.API_KEY"
34-->src\main\AndroidManifest.xml:16:16-61
35            android:value="AIzaSyCGQN_X5AbioAHotaWDZHa3dl5FHxtZu5o" />
35-->src\main\AndroidManifest.xml:17:9-64
36
37        <activity android:name="com.mediconnect.MainActivity" >
37-->src\main\AndroidManifest.xml:19:9-25:20
37-->src\main\AndroidManifest.xml:19:19-47
38            <intent-filter>
38-->src\main\AndroidManifest.xml:20:13-24:29
39                <action android:name="android.intent.action.MAIN" />
39-->src\main\AndroidManifest.xml:21:17-69
39-->src\main\AndroidManifest.xml:21:25-66
40
41                <category android:name="android.intent.category.LAUNCHER" />
41-->src\main\AndroidManifest.xml:23:17-77
41-->src\main\AndroidManifest.xml:23:27-74
42            </intent-filter>
43        </activity>
44
45        <meta-data
45-->src\main\AndroidManifest.xml:27:9-29:57
46            android:name="preloaded_fonts"
46-->src\main\AndroidManifest.xml:28:13-43
47            android:resource="@array/preloaded_fonts" />
47-->src\main\AndroidManifest.xml:29:13-54
48
49        <activity android:name="com.mediconnect.Homescreen" />
49-->src\main\AndroidManifest.xml:31:9-48
49-->src\main\AndroidManifest.xml:31:19-45
50        <activity android:name="com.mediconnect.Signin" />
50-->src\main\AndroidManifest.xml:32:9-44
50-->src\main\AndroidManifest.xml:32:19-41
51        <activity android:name="com.mediconnect.emergcall" />
51-->src\main\AndroidManifest.xml:33:9-47
51-->src\main\AndroidManifest.xml:33:19-44
52        <activity android:name="com.mediconnect.Signup" />
52-->src\main\AndroidManifest.xml:34:9-44
52-->src\main\AndroidManifest.xml:34:19-41
53        <activity android:name="com.mediconnect.Prfl_creation" />
53-->src\main\AndroidManifest.xml:35:9-51
53-->src\main\AndroidManifest.xml:35:19-48
54        <activity android:name="com.mediconnect.Patient" />
54-->src\main\AndroidManifest.xml:36:9-45
54-->src\main\AndroidManifest.xml:36:19-42
55        <activity android:name="com.mediconnect.Doctor" />
55-->src\main\AndroidManifest.xml:37:9-44
55-->src\main\AndroidManifest.xml:37:19-41
56        <activity android:name="com.mediconnect.Medical" />
56-->src\main\AndroidManifest.xml:38:9-44
56-->src\main\AndroidManifest.xml:38:19-42
57        <activity android:name="com.mediconnect.Conversation" />
57-->src\main\AndroidManifest.xml:39:9-50
57-->src\main\AndroidManifest.xml:39:19-47
58        <activity android:name="com.mediconnect.NewConversation" />
58-->src\main\AndroidManifest.xml:40:9-53
58-->src\main\AndroidManifest.xml:40:19-50
59        <activity android:name="com.mediconnect.IssueDetails" />
59-->src\main\AndroidManifest.xml:41:9-50
59-->src\main\AndroidManifest.xml:41:19-47
60        <activity android:name="com.mediconnect.Patient_issueDetails" />
60-->src\main\AndroidManifest.xml:42:9-58
60-->src\main\AndroidManifest.xml:42:19-55
61        <activity android:name="com.mediconnect.AddNewIssue" />
61-->src\main\AndroidManifest.xml:43:9-49
61-->src\main\AndroidManifest.xml:43:19-46
62        <activity android:name="com.mediconnect.AddNewPatient" />
62-->src\main\AndroidManifest.xml:44:9-50
62-->src\main\AndroidManifest.xml:44:19-48
63        <activity android:name="com.mediconnect.Lab" />
63-->src\main\AndroidManifest.xml:45:9-40
63-->src\main\AndroidManifest.xml:45:19-38
64        <activity android:name="com.mediconnect.MedicineList" />
64-->src\main\AndroidManifest.xml:46:9-49
64-->src\main\AndroidManifest.xml:46:19-47
65        <activity android:name="com.mediconnect.police" />
65-->src\main\AndroidManifest.xml:47:9-43
65-->src\main\AndroidManifest.xml:47:19-41
66        <activity android:name="com.mediconnect.ambulance" />
66-->src\main\AndroidManifest.xml:48:9-46
66-->src\main\AndroidManifest.xml:48:19-44
67        <activity android:name="com.mediconnect.hospital" />
67-->src\main\AndroidManifest.xml:49:9-45
67-->src\main\AndroidManifest.xml:49:19-43
68        <activity android:name="com.mediconnect.pathology_lab" />
68-->src\main\AndroidManifest.xml:50:9-50
68-->src\main\AndroidManifest.xml:50:19-48
69        <activity android:name="com.mediconnect.medical_store" />
69-->src\main\AndroidManifest.xml:51:9-50
69-->src\main\AndroidManifest.xml:51:19-48
70        <activity android:name="com.mediconnect.ForgotPassword" />
70-->src\main\AndroidManifest.xml:52:9-51
70-->src\main\AndroidManifest.xml:52:19-49
71        <activity android:name="com.mediconnect.Profile" />
71-->src\main\AndroidManifest.xml:53:5-40
71-->src\main\AndroidManifest.xml:53:15-38
72
73        <!-- Needs to be explicitly declared on P+ -->
74        <uses-library
74-->[com.google.android.gms:play-services-maps:17.0.0] AndroidManifest.xml:33:9-35:40
75            android:name="org.apache.http.legacy"
75-->[com.google.android.gms:play-services-maps:17.0.0] AndroidManifest.xml:34:13-50
76            android:required="false" />
76-->[com.google.android.gms:play-services-maps:17.0.0] AndroidManifest.xml:35:13-37
77
78        <service
78-->[com.google.firebase:firebase-database:20.0.0] AndroidManifest.xml:29:9-35:19
79            android:name="com.google.firebase.components.ComponentDiscoveryService"
79-->[com.google.firebase:firebase-database:20.0.0] AndroidManifest.xml:30:13-84
80            android:directBootAware="true"
80-->[com.google.firebase:firebase-common:20.0.0] AndroidManifest.xml:35:13-43
81            android:exported="false" >
81-->[com.google.firebase:firebase-database:20.0.0] AndroidManifest.xml:31:13-37
82            <meta-data
82-->[com.google.firebase:firebase-database:20.0.0] AndroidManifest.xml:32:13-34:85
83                android:name="com.google.firebase.components:com.google.firebase.database.DatabaseRegistrar"
83-->[com.google.firebase:firebase-database:20.0.0] AndroidManifest.xml:33:17-109
84                android:value="com.google.firebase.components.ComponentRegistrar" />
84-->[com.google.firebase:firebase-database:20.0.0] AndroidManifest.xml:34:17-82
85        </service>
86
87        <provider
87-->[com.google.firebase:firebase-common:20.0.0] AndroidManifest.xml:26:9-31:39
88            android:name="com.google.firebase.provider.FirebaseInitProvider"
88-->[com.google.firebase:firebase-common:20.0.0] AndroidManifest.xml:27:13-77
89            android:authorities="com.mediconnect.firebaseinitprovider"
89-->[com.google.firebase:firebase-common:20.0.0] AndroidManifest.xml:28:13-72
90            android:directBootAware="true"
90-->[com.google.firebase:firebase-common:20.0.0] AndroidManifest.xml:29:13-43
91            android:exported="false"
91-->[com.google.firebase:firebase-common:20.0.0] AndroidManifest.xml:30:13-37
92            android:initOrder="100" />
92-->[com.google.firebase:firebase-common:20.0.0] AndroidManifest.xml:31:13-36
93
94        <activity
94-->[com.google.android.gms:play-services-base:17.1.0] AndroidManifest.xml:23:9-26:75
95            android:name="com.google.android.gms.common.api.GoogleApiActivity"
95-->[com.google.android.gms:play-services-base:17.1.0] AndroidManifest.xml:24:13-79
96            android:exported="false"
96-->[com.google.android.gms:play-services-base:17.1.0] AndroidManifest.xml:25:13-37
97            android:theme="@android:style/Theme.Translucent.NoTitleBar" />
97-->[com.google.android.gms:play-services-base:17.1.0] AndroidManifest.xml:26:13-72
98
99        <meta-data
99-->[com.google.android.gms:play-services-basement:17.0.0] AndroidManifest.xml:23:9-25:69
100            android:name="com.google.android.gms.version"
100-->[com.google.android.gms:play-services-basement:17.0.0] AndroidManifest.xml:24:13-58
101            android:value="@integer/google_play_services_version" />
101-->[com.google.android.gms:play-services-basement:17.0.0] AndroidManifest.xml:25:13-66
102    </application>
103
104</manifest>